c:\users\sharktallica\repos\cs3s664-3dscene\debug\dx11proj.pch
c:\users\sharktallica\repos\cs3s664-3dscene\debug\vc120.pdb
c:\users\sharktallica\repos\cs3s664-3dscene\debug\vc120.idb
c:\users\sharktallica\repos\cs3s664-3dscene\debug\stdafx.obj
c:\users\sharktallica\repos\cs3s664-3dscene\debug\camera.obj
c:\users\sharktallica\repos\cs3s664-3dscene\debug\effect.obj
c:\users\sharktallica\repos\cs3s664-3dscene\debug\cgdconsole.obj
c:\users\sharktallica\repos\cs3s664-3dscene\debug\flare.obj
c:\users\sharktallica\repos\cs3s664-3dscene\debug\grid.obj
c:\users\sharktallica\repos\cs3s664-3dscene\debug\model.obj
c:\users\sharktallica\repos\cs3s664-3dscene\debug\ocean.obj
c:\users\sharktallica\repos\cs3s664-3dscene\debug\particlesystem.obj
c:\users\sharktallica\repos\cs3s664-3dscene\debug\quad.obj
c:\users\sharktallica\repos\cs3s664-3dscene\debug\scene.obj
c:\users\sharktallica\repos\cs3s664-3dscene\debug\system.obj
c:\users\sharktallica\repos\cs3s664-3dscene\debug\cgdclock.obj
c:\users\sharktallica\repos\cs3s664-3dscene\debug\gumemory.obj
c:\users\sharktallica\repos\cs3s664-3dscene\debug\main.obj
c:\users\sharktallica\repos\cs3s664-3dscene\debug\material.obj
c:\users\sharktallica\repos\cs3s664-3dscene\debug\mesh.obj
c:\users\sharktallica\repos\cs3s664-3dscene\debug\terrain.obj
c:\users\sharktallica\repos\cs3s664-3dscene\debug\texture.obj
c:\users\sharktallica\repos\cs3s664-3dscene\debug\triangle.obj
c:\users\sharktallica\repos\cs3s664-3dscene\debug\utils.obj
c:\users\sharktallica\repos\cs3s664-3dscene\debug\animation.obj
c:\users\sharktallica\repos\cs3s664-3dscene\debug\basemodel.obj
c:\users\sharktallica\repos\cs3s664-3dscene\debug\blurutility.obj
c:\users\sharktallica\repos\cs3s664-3dscene\debug\box.obj
c:\users\sharktallica\repos\cs3s664-3dscene\shaders\cso\basic_colour_ps.cso
c:\users\sharktallica\repos\cs3s664-3dscene\shaders\cso\basic_colour_vs.cso
c:\users\sharktallica\repos\cs3s664-3dscene\shaders\cso\basic_lighting_vs.cso
c:\users\sharktallica\repos\cs3s664-3dscene\shaders\cso\basic_texture_ps.cso
c:\users\sharktallica\repos\cs3s664-3dscene\shaders\cso\basic_texture_vs.cso
c:\users\sharktallica\repos\cs3s664-3dscene\shaders\cso\convolve_u_ps.cso
c:\users\sharktallica\repos\cs3s664-3dscene\shaders\cso\convolve_v_ps.cso
c:\users\sharktallica\repos\cs3s664-3dscene\shaders\cso\copy_depth_ps.cso
c:\users\sharktallica\repos\cs3s664-3dscene\shaders\cso\copy_ps.cso
c:\users\sharktallica\repos\cs3s664-3dscene\shaders\cso\emissive_ps.cso
c:\users\sharktallica\repos\cs3s664-3dscene\shaders\cso\fire_ps.cso
c:\users\sharktallica\repos\cs3s664-3dscene\shaders\cso\fire_vs.cso
c:\users\sharktallica\repos\cs3s664-3dscene\shaders\cso\flare_ps.cso
c:\users\sharktallica\repos\cs3s664-3dscene\shaders\cso\flare_vs.cso
c:\users\sharktallica\repos\cs3s664-3dscene\shaders\cso\grass_ps.cso
c:\users\sharktallica\repos\cs3s664-3dscene\shaders\cso\grass_vs.cso
c:\users\sharktallica\repos\cs3s664-3dscene\shaders\cso\ocean_ps.cso
c:\users\sharktallica\repos\cs3s664-3dscene\shaders\cso\ocean_vs.cso
c:\users\sharktallica\repos\cs3s664-3dscene\shaders\cso\per_pixel_lighting_ps.cso
c:\users\sharktallica\repos\cs3s664-3dscene\shaders\cso\per_pixel_lighting_vs.cso
c:\users\sharktallica\repos\cs3s664-3dscene\shaders\cso\reflection_map_ps.cso
c:\users\sharktallica\repos\cs3s664-3dscene\shaders\cso\reflection_map_vs.cso
c:\users\sharktallica\repos\cs3s664-3dscene\shaders\cso\screen_quad_vs.cso
c:\users\sharktallica\repos\cs3s664-3dscene\shaders\cso\sky_box_ps.cso
c:\users\sharktallica\repos\cs3s664-3dscene\shaders\cso\sky_box_vs.cso
c:\users\sharktallica\repos\cs3s664-3dscene\shaders\cso\tree_ps.cso
c:\users\sharktallica\repos\cs3s664-3dscene\shaders\cso\tree_vs.cso
c:\users\sharktallica\repos\cs3s664-3dscene\debug\dx11proj.ilk
c:\users\sharktallica\repos\cs3s664-3dscene\debug\dx11proj.exe
c:\users\sharktallica\repos\cs3s664-3dscene\debug\dx11proj.pdb
c:\users\sharktallica\repos\cs3s664-3dscene\debug\dx11proj.tlog\cl.command.1.tlog
c:\users\sharktallica\repos\cs3s664-3dscene\debug\dx11proj.tlog\cl.read.1.tlog
c:\users\sharktallica\repos\cs3s664-3dscene\debug\dx11proj.tlog\cl.write.1.tlog
c:\users\sharktallica\repos\cs3s664-3dscene\debug\dx11proj.tlog\dx11proj.write.1u.tlog
c:\users\sharktallica\repos\cs3s664-3dscene\debug\dx11proj.tlog\fxc.command.1.tlog
c:\users\sharktallica\repos\cs3s664-3dscene\debug\dx11proj.tlog\fxc.read.1.tlog
c:\users\sharktallica\repos\cs3s664-3dscene\debug\dx11proj.tlog\fxc.write.1.tlog
c:\users\sharktallica\repos\cs3s664-3dscene\debug\dx11proj.tlog\link.command.1.tlog
c:\users\sharktallica\repos\cs3s664-3dscene\debug\dx11proj.tlog\link.read.1.tlog
c:\users\sharktallica\repos\cs3s664-3dscene\debug\dx11proj.tlog\link.write.1.tlog
